  FixedGridItem.cpp
  Game.cpp
c:\users\andre\documents\mouse n' snake\oop task 1a\game.cpp(130): warning C4267: 'argument': conversion from 'size_t' to 'int', possible loss of data
c:\users\andre\documents\mouse n' snake\oop task 1a\game.cpp(132): warning C4267: 'return': conversion from 'size_t' to 'int', possible loss of data
  GridItem.cpp
  Mouse.cpp
  MovableGridItem.cpp
  Nut.cpp
  Player.cpp
  RandomNumberGenerator.cpp
  Score.cpp
  Snake.cpp
c:\users\andre\documents\mouse n' snake\oop task 1a\snake.cpp(88): warning C4267: 'initializing': conversion from 'size_t' to 'int', possible loss of data
  Source.cpp
  Tail.cpp
  Underground.cpp
  Generating Code...
Source.obj : error LNK2019: unresolved external symbol InitWindow referenced in function main
Source.obj : error LNK2019: unresolved external symbol WindowShouldClose referenced in function main
Source.obj : error LNK2019: unresolved external symbol GetScreenHeight referenced in function main
Source.obj : error LNK2019: unresolved external symbol ClearBackground referenced in function main
Source.obj : error LNK2019: unresolved external symbol BeginDrawing referenced in function main
Source.obj : error LNK2019: unresolved external symbol EndDrawing referenced in function main
Source.obj : error LNK2019: unresolved external symbol SetTargetFPS referenced in function main
Source.obj : error LNK2019: unresolved external symbol IsKeyPressed referenced in function main
Source.obj : error LNK2019: unresolved external symbol DrawRectangle referenced in function main
Source.obj : error LNK2019: unresolved external symbol DrawRectangleLines referenced in function main
Source.obj : error LNK2019: unresolved external symbol DrawText referenced in function main
..\raylib\lib\raylib_static.lib : warning LNK4272: library machine type 'x86' conflicts with target machine type 'x64'
C:\Users\andre\Documents\Mouse n' Snake\x64\Debug\OOP Task 1a.exe : fatal error LNK1120: 11 unresolved externals
C:\Program Files (x86)\Microsoft Visual Studio\2017\Community\Common7\IDE\VC\VCTargets\Microsoft.CppCommon.targets(720,5): error MSB6006: "link.exe" exited with code 1120.
